<?xml version="1.0" encoding="UTF-8"?>
<testsuite name="br.edu.ufmt.mothercare.clinical.service.CalculadoraGestacionalServiceTest" tests="4" skipped="0" failures="0" errors="0" timestamp="2026-09-02T01:02:18.237Z" hostname="claudio-nery" time="0.039">
  <properties/>
  <testcase name="deve calcular DPP para DUM entre abril e dezembro (regra do README)()" classname="br.edu.ufmt.mothercare.clinical.service.CalculadoraGestacionalServiceTest" time="0.015"/>
  <testcase name="deve calcular DPP para DUM entre janeiro e marco (regra do README)()" classname="br.edu.ufmt.mothercare.clinical.service.CalculadoraGestacionalServiceTest" time="0.001"/>
  <testcase name="deve rejeitar DUM posterior a data de referencia()" classname="br.edu.ufmt.mothercare.clinical.service.CalculadoraGestacionalServiceTest" time="0.006"/>
  <testcase name="deve calcular IG conforme exemplo do documento de regras (corrigindo 1 dia de arredondamento)()" classname="br.edu.ufmt.mothercare.clinical.service.CalculadoraGestacionalServiceTest" time="0.001"/>
  <system-out><![CDATA[]]></system-out>
  <system-err><![CDATA[]]></system-err>
</testsuite>
