<?xml version="1.0" encoding="UTF-8"?>
<testsuite name="br.edu.ufmt.mothercare.auth.service.AuthServiceTest" tests="4" skipped="0" failures="0" errors="0" timestamp="2026-08-26T00:56:46.530Z" hostname="claudio-nery" time="1.815">
  <properties/>
  <testcase name="deve registrar nova gestante e retornar token()" classname="br.edu.ufmt.mothercare.auth.service.AuthServiceTest" time="0.563"/>
  <testcase name="deve rejeitar login com senha incorreta()" classname="br.edu.ufmt.mothercare.auth.service.AuthServiceTest" time="0.15"/>
  <testcase name="deve rejeitar login para email inexistente()" classname="br.edu.ufmt.mothercare.auth.service.AuthServiceTest" time="0.005"/>
  <testcase name="nao deve permitir cadastro com email ja existente (UC01 - A1)()" classname="br.edu.ufmt.mothercare.auth.service.AuthServiceTest" time="0.011"/>
  <system-out><![CDATA[]]></system-out>
  <system-err><![CDATA[WARNING: A Java agent has been loaded dynamically (/home/claudio/.gradle/caches/modules-2/files-2.1/net.bytebuddy/byte-buddy-agent/1.14.19/154da3a65b4f4a909d3e5bdec55d1b2b4cbb6ce1/byte-buddy-agent-1.14.19.jar)
WARNING: If a serviceability tool is in use, please run with -XX:+EnableDynamicAgentLoading to hide this warning
WARNING: If a serviceability tool is not in use, please run with -Djdk.instrument.traceUsage for more information
WARNING: Dynamic loading of agents will be disallowed by default in a future release
]]></system-err>
</testsuite>
